# JRE version: Java(TM) SE Runtime Environment (8.0_60-b27) (build 1.8.0_60-b27)
# Java VM: Java HotSpot(TM) 64-Bit Server VM (25.60-b23 mixed mode windows-amd64 compressed oops)
Heap:
 PSYoungGen      total 76800K, used 6444K [0x00000000d5580000, 0x00000000dc100000, 0x0000000100000000)
  eden space 66560K, 9% used [0x00000000d5580000,0x00000000d5bcb080,0x00000000d9680000)
  from space 10240K, 0% used [0x00000000d9680000,0x00000000d9680000,0x00000000da080000)
  to   space 11776K, 0% used [0x00000000db580000,0x00000000db580000,0x00000000dc100000)
 ParOldGen       total 99328K, used 17182K [0x0000000080000000, 0x0000000086100000, 0x00000000d5580000)
  object space 99328K, 17% used [0x0000000080000000,0x00000000810c7aa0,0x0000000086100000)
 Metaspace       used 34925K, capacity 35510K, committed 35968K, reserved 1081344K
  class space    used 4764K, capacity 4903K, committed 4992K, reserved 1048576K
GC Heap History (10 events):
Event: 3.897 GC heap before
{Heap before GC invocations=7 (full 1):
 PSYoungGen      total 38400K, used 37350K [0x00000000d5580000, 0x00000000d9980000, 0x0000000100000000)
  eden space 33280K, 100% used [0x00000000d5580000,0x00000000d7600000,0x00000000d7600000)
  from space 5120K, 79% used [0x00000000d7600000,0x00000000d79f98d0,0x00000000d7b00000)
  to   space 10752K, 0% used [0x00000000d8f00000,0x00000000d8f00000,0x00000000d9980000)
 ParOldGen       total 65024K, used 8491K [0x0000000080000000, 0x0000000083f80000, 0x00000000d5580000)
  object space 65024K, 13% used [0x0000000080000000,0x000000008084afa0,0x0000000083f80000)
 Metaspace       used 26353K, capacity 26852K, committed 27008K, reserved 1073152K
  class space    used 3696K, capacity 3852K, committed 3968K, reserved 1048576K
Event: 3.903 GC heap after
Heap after GC invocations=7 (full 1):
 PSYoungGen      total 57856K, used 4954K [0x00000000d5580000, 0x00000000d9880000, 0x0000000100000000)
  eden space 48128K, 0% used [0x00000000d5580000,0x00000000d5580000,0x00000000d8480000)
  from space 9728K, 50% used [0x00000000d8f00000,0x00000000d93d6888,0x00000000d9880000)
  to   space 10240K, 0% used [0x00000000d8480000,0x00000000d8480000,0x00000000d8e80000)
 ParOldGen       total 65024K, used 8499K [0x0000000080000000, 0x0000000083f80000, 0x00000000d5580000)
  object space 65024K, 13% used [0x0000000080000000,0x000000008084cfa0,0x0000000083f80000)
 Metaspace       used 26353K, capacity 26852K, committed 27008K, reserved 1073152K
  class space    used 3696K, capacity 3852K, committed 3968K, reserved 1048576K
}
Event: 6.841 GC heap before
{Heap before GC invocations=8 (full 1):
 PSYoungGen      total 57856K, used 53082K [0x00000000d5580000, 0x00000000d9880000, 0x0000000100000000)
  eden space 48128K, 100% used [0x00000000d5580000,0x00000000d8480000,0x00000000d8480000)
  from space 9728K, 50% used [0x00000000d8f00000,0x00000000d93d6888,0x00000000d9880000)
  to   space 10240K, 0% used [0x00000000d8480000,0x00000000d8480000,0x00000000d8e80000)
 ParOldGen       total 65024K, used 8499K [0x0000000080000000, 0x0000000083f80000, 0x00000000d5580000)
  object space 65024K, 13% used [0x0000000080000000,0x000000008084cfa0,0x0000000083f80000)
 Metaspace       used 28944K, capacity 29464K, committed 29824K, reserved 1075200K
  class space    used 3975K, capacity 4128K, committed 4224K, reserved 1048576K
Event: 6.848 GC heap after
Heap after GC invocations=8 (full 1):
 PSYoungGen      total 58368K, used 6091K [0x00000000d5580000, 0x00000000daa00000, 0x0000000100000000)
  eden space 48128K, 0% used [0x00000000d5580000,0x00000000d5580000,0x00000000d8480000)
  from space 10240K, 59% used [0x00000000d8480000,0x00000000d8a72f08,0x00000000d8e80000)
  to   space 9728K, 0% used [0x00000000da080000,0x00000000da080000,0x00000000daa00000)
 ParOldGen       total 65024K, used 8571K [0x0000000080000000, 0x0000000083f80000, 0x00000000d5580000)
  object space 65024K, 13% used [0x0000000080000000,0x000000008085efb0,0x0000000083f80000)
 Metaspace       used 28944K, capacity 29464K, committed 29824K, reserved 1075200K
  class space    used 3975K, capacity 4128K, committed 4224K, reserved 1048576K
}
Event: 7.287 GC heap before
{Heap before GC invocations=9 (full 1):
 PSYoungGen      total 58368K, used 54219K [0x00000000d5580000, 0x00000000daa00000, 0x0000000100000000)
  eden space 48128K, 100% used [0x00000000d5580000,0x00000000d8480000,0x00000000d8480000)
  from space 10240K, 59% used [0x00000000d8480000,0x00000000d8a72f08,0x00000000d8e80000)
  to   space 9728K, 0% used [0x00000000da080000,0x00000000da080000,0x00000000daa00000)
 ParOldGen       total 65024K, used 8571K [0x0000000080000000, 0x0000000083f80000, 0x00000000d5580000)
  object space 65024K, 13% used [0x0000000080000000,0x000000008085efb0,0x0000000083f80000)
 Metaspace       used 32050K, capacity 32590K, committed 33024K, reserved 1077248K
  class space    used 4388K, capacity 4531K, committed 4608K, reserved 1048576K
Event: 7.297 GC heap after
Heap after GC invocations=9 (full 1):
 PSYoungGen      total 76288K, used 8219K [0x00000000d5580000, 0x00000000dad80000, 0x0000000100000000)
  eden space 66560K, 0% used [0x00000000d5580000,0x00000000d5580000,0x00000000d9680000)
  from space 9728K, 84% used [0x00000000da080000,0x00000000da886dc0,0x00000000daa00000)
  to   space 10240K, 0% used [0x00000000d9680000,0x00000000d9680000,0x00000000da080000)
 ParOldGen       total 65024K, used 8579K [0x0000000080000000, 0x0000000083f80000, 0x00000000d5580000)
  object space 65024K, 13% used [0x0000000080000000,0x0000000080860fb0,0x0000000083f80000)
 Metaspace       used 32050K, capacity 32590K, committed 33024K, reserved 1077248K
  class space    used 4388K, capacity 4531K, committed 4608K, reserved 1048576K
}
Event: 7.660 GC heap before
{Heap before GC invocations=10 (full 1):
 PSYoungGen      total 76288K, used 43954K [0x00000000d5580000, 0x00000000dad80000, 0x0000000100000000)
  eden space 66560K, 53% used [0x00000000d5580000,0x00000000d7865b88,0x00000000d9680000)
  from space 9728K, 84% used [0x00000000da080000,0x00000000da886dc0,0x00000000daa00000)
  to   space 10240K, 0% used [0x00000000d9680000,0x00000000d9680000,0x00000000da080000)
 ParOldGen       total 65024K, used 8579K [0x0000000080000000, 0x0000000083f80000, 0x00000000d5580000)
  object space 65024K, 13% used [0x0000000080000000,0x0000000080860fb0,0x0000000083f80000)
 Metaspace       used 34716K, capacity 35272K, committed 35496K, reserved 1079296K
  class space    used 4724K, capacity 4864K, committed 4864K, reserved 1048576K
Event: 7.670 GC heap after
Heap after GC invocations=10 (full 1):
 PSYoungGen      total 76800K, used 10222K [0x00000000d5580000, 0x00000000dc100000, 0x0000000100000000)
  eden space 66560K, 0% used [0x00000000d5580000,0x00000000d5580000,0x00000000d9680000)
  from space 10240K, 99% used [0x00000000d9680000,0x00000000da07b8b0,0x00000000da080000)
  to   space 11776K, 0% used [0x00000000db580000,0x00000000db580000,0x00000000dc100000)
 ParOldGen       total 65024K, used 8821K [0x0000000080000000, 0x0000000083f80000, 0x00000000d5580000)
  object space 65024K, 13% used [0x0000000080000000,0x000000008089d668,0x0000000083f80000)
 Metaspace       used 34716K, capacity 35272K, committed 35496K, reserved 1079296K
  class space    used 4724K, capacity 4864K, committed 4864K, reserved 1048576K
}
Event: 7.670 GC heap before
{Heap before GC invocations=11 (full 2):
 PSYoungGen      total 76800K, used 10222K [0x00000000d5580000, 0x00000000dc100000, 0x0000000100000000)
  eden space 66560K, 0% used [0x00000000d5580000,0x00000000d5580000,0x00000000d9680000)
  from space 10240K, 99% used [0x00000000d9680000,0x00000000da07b8b0,0x00000000da080000)
  to   space 11776K, 0% used [0x00000000db580000,0x00000000db580000,0x00000000dc100000)
 ParOldGen       total 65024K, used 8821K [0x0000000080000000, 0x0000000083f80000, 0x00000000d5580000)
  object space 65024K, 13% used [0x0000000080000000,0x000000008089d668,0x0000000083f80000)
 Metaspace       used 34716K, capacity 35272K, committed 35496K, reserved 1079296K
  class space    used 4724K, capacity 4864K, committed 4864K, reserved 1048576K
Event: 7.757 GC heap after
Heap after GC invocations=11 (full 2):
 PSYoungGen      total 76800K, used 0K [0x00000000d5580000, 0x00000000dc100000, 0x0000000100000000)
  eden space 66560K, 0% used [0x00000000d5580000,0x00000000d5580000,0x00000000d9680000)
  from space 10240K, 0% used [0x00000000d9680000,0x00000000d9680000,0x00000000da080000)
  to   space 11776K, 0% used [0x00000000db580000,0x00000000db580000,0x00000000dc100000)
 ParOldGen       total 99328K, used 17182K [0x0000000080000000, 0x0000000086100000, 0x00000000d5580000)
  object space 99328K, 17% used [0x0000000080000000,0x00000000810c7aa0,0x0000000086100000)
 Metaspace       used 34716K, capacity 35272K, committed 35496K, reserved 1079296K
  class space    used 4724K, capacity 4864K, committed 4864K, reserved 1048576K
}

