# JRE version: Java(TM) SE Runtime Environment (8.0_60-b27) (build 1.8.0_60-b27)
# Java VM: Java HotSpot(TM) 64-Bit Server VM (25.60-b23 mixed mode windows-amd64 compressed oops)
Heap:
 PSYoungGen      total 76800K, used 43106K [0x00000000d5580000, 0x00000000dc280000, 0x0000000100000000)
  eden space 66560K, 64% used [0x00000000d5580000,0x00000000d7f98848,0x00000000d9680000)
  from space 10240K, 0% used [0x00000000d9680000,0x00000000d9680000,0x00000000da080000)
  to   space 11776K, 0% used [0x00000000db700000,0x00000000db700000,0x00000000dc280000)
 ParOldGen       total 100352K, used 17163K [0x0000000080000000, 0x0000000086200000, 0x00000000d5580000)
  object space 100352K, 17% used [0x0000000080000000,0x00000000810c2e88,0x0000000086200000)
 Metaspace       used 36552K, capacity 37366K, committed 37632K, reserved 1081344K
  class space    used 5051K, capacity 5280K, committed 5376K, reserved 1048576K
GC Heap History (10 events):
Event: 5.334 GC heap before
{Heap before GC invocations=7 (full 1):
 PSYoungGen      total 38400K, used 37200K [0x00000000d5580000, 0x00000000d9980000, 0x0000000100000000)
  eden space 33280K, 100% used [0x00000000d5580000,0x00000000d7600000,0x00000000d7600000)
  from space 5120K, 76% used [0x00000000d7600000,0x00000000d79d4068,0x00000000d7b00000)
  to   space 10752K, 0% used [0x00000000d8f00000,0x00000000d8f00000,0x00000000d9980000)
 ParOldGen       total 65536K, used 8510K [0x0000000080000000, 0x0000000084000000, 0x00000000d5580000)
  object space 65536K, 12% used [0x0000000080000000,0x000000008084f948,0x0000000084000000)
 Metaspace       used 26278K, capacity 26694K, committed 27008K, reserved 1073152K
  class space    used 3688K, capacity 3847K, committed 3968K, reserved 1048576K
Event: 5.339 GC heap after
Heap after GC invocations=7 (full 1):
 PSYoungGen      total 58880K, used 5033K [0x00000000d5580000, 0x00000000d9980000, 0x0000000100000000)
  eden space 48128K, 0% used [0x00000000d5580000,0x00000000d5580000,0x00000000d8480000)
  from space 10752K, 46% used [0x00000000d8f00000,0x00000000d93ea610,0x00000000d9980000)
  to   space 10752K, 0% used [0x00000000d8480000,0x00000000d8480000,0x00000000d8f00000)
 ParOldGen       total 65536K, used 8518K [0x0000000080000000, 0x0000000084000000, 0x00000000d5580000)
  object space 65536K, 12% used [0x0000000080000000,0x0000000080851948,0x0000000084000000)
 Metaspace       used 26278K, capacity 26694K, committed 27008K, reserved 1073152K
  class space    used 3688K, capacity 3847K, committed 3968K, reserved 1048576K
}
Event: 8.233 GC heap before
{Heap before GC invocations=8 (full 1):
 PSYoungGen      total 58880K, used 53161K [0x00000000d5580000, 0x00000000d9980000, 0x0000000100000000)
  eden space 48128K, 100% used [0x00000000d5580000,0x00000000d8480000,0x00000000d8480000)
  from space 10752K, 46% used [0x00000000d8f00000,0x00000000d93ea610,0x00000000d9980000)
  to   space 10752K, 0% used [0x00000000d8480000,0x00000000d8480000,0x00000000d8f00000)
 ParOldGen       total 65536K, used 8518K [0x0000000080000000, 0x0000000084000000, 0x00000000d5580000)
  object space 65536K, 12% used [0x0000000080000000,0x0000000080851948,0x0000000084000000)
 Metaspace       used 28888K, capacity 29434K, committed 29824K, reserved 1075200K
  class space    used 3971K, capacity 4123K, committed 4224K, reserved 1048576K
Event: 8.242 GC heap after
Heap after GC invocations=8 (full 1):
 PSYoungGen      total 58880K, used 6160K [0x00000000d5580000, 0x00000000daa00000, 0x0000000100000000)
  eden space 48128K, 0% used [0x00000000d5580000,0x00000000d5580000,0x00000000d8480000)
  from space 10752K, 57% used [0x00000000d8480000,0x00000000d8a84358,0x00000000d8f00000)
  to   space 9728K, 0% used [0x00000000da080000,0x00000000da080000,0x00000000daa00000)
 ParOldGen       total 65536K, used 8526K [0x0000000080000000, 0x0000000084000000, 0x00000000d5580000)
  object space 65536K, 13% used [0x0000000080000000,0x0000000080853948,0x0000000084000000)
 Metaspace       used 28888K, capacity 29434K, committed 29824K, reserved 1075200K
  class space    used 3971K, capacity 4123K, committed 4224K, reserved 1048576K
}
Event: 8.776 GC heap before
{Heap before GC invocations=9 (full 1):
 PSYoungGen      total 58880K, used 54288K [0x00000000d5580000, 0x00000000daa00000, 0x0000000100000000)
  eden space 48128K, 100% used [0x00000000d5580000,0x00000000d8480000,0x00000000d8480000)
  from space 10752K, 57% used [0x00000000d8480000,0x00000000d8a84358,0x00000000d8f00000)
  to   space 9728K, 0% used [0x00000000da080000,0x00000000da080000,0x00000000daa00000)
 ParOldGen       total 65536K, used 8526K [0x0000000080000000, 0x0000000084000000, 0x00000000d5580000)
  object space 65536K, 13% used [0x0000000080000000,0x0000000080853948,0x0000000084000000)
 Metaspace       used 31975K, capacity 32560K, committed 33024K, reserved 1077248K
  class space    used 4379K, capacity 4526K, committed 4608K, reserved 1048576K
Event: 8.787 GC heap after
Heap after GC invocations=9 (full 1):
 PSYoungGen      total 76288K, used 8294K [0x00000000d5580000, 0x00000000daf80000, 0x0000000100000000)
  eden space 66560K, 0% used [0x00000000d5580000,0x00000000d5580000,0x00000000d9680000)
  from space 9728K, 85% used [0x00000000da080000,0x00000000da8999c0,0x00000000daa00000)
  to   space 10240K, 0% used [0x00000000d9680000,0x00000000d9680000,0x00000000da080000)
 ParOldGen       total 65536K, used 8534K [0x0000000080000000, 0x0000000084000000, 0x00000000d5580000)
  object space 65536K, 13% used [0x0000000080000000,0x0000000080855948,0x0000000084000000)
 Metaspace       used 31975K, capacity 32560K, committed 33024K, reserved 1077248K
  class space    used 4379K, capacity 4526K, committed 4608K, reserved 1048576K
}
Event: 9.226 GC heap before
{Heap before GC invocations=10 (full 1):
 PSYoungGen      total 76288K, used 43833K [0x00000000d5580000, 0x00000000daf80000, 0x0000000100000000)
  eden space 66560K, 53% used [0x00000000d5580000,0x00000000d7834c28,0x00000000d9680000)
  from space 9728K, 85% used [0x00000000da080000,0x00000000da8999c0,0x00000000daa00000)
  to   space 10240K, 0% used [0x00000000d9680000,0x00000000d9680000,0x00000000da080000)
 ParOldGen       total 65536K, used 8534K [0x0000000080000000, 0x0000000084000000, 0x00000000d5580000)
  object space 65536K, 13% used [0x0000000080000000,0x0000000080855948,0x0000000084000000)
 Metaspace       used 34654K, capacity 35146K, committed 35456K, reserved 1079296K
  class space    used 4718K, capacity 4891K, committed 4992K, reserved 1048576K
Event: 9.235 GC heap after
Heap after GC invocations=10 (full 1):
 PSYoungGen      total 76800K, used 10235K [0x00000000d5580000, 0x00000000dc280000, 0x0000000100000000)
  eden space 66560K, 0% used [0x00000000d5580000,0x00000000d5580000,0x00000000d9680000)
  from space 10240K, 99% used [0x00000000d9680000,0x00000000da07ec60,0x00000000da080000)
  to   space 11776K, 0% used [0x00000000db700000,0x00000000db700000,0x00000000dc280000)
 ParOldGen       total 65536K, used 8935K [0x0000000080000000, 0x0000000084000000, 0x00000000d5580000)
  object space 65536K, 13% used [0x0000000080000000,0x00000000808b9dc8,0x0000000084000000)
 Metaspace       used 34654K, capacity 35146K, committed 35456K, reserved 1079296K
  class space    used 4718K, capacity 4891K, committed 4992K, reserved 1048576K
}
Event: 9.235 GC heap before
{Heap before GC invocations=11 (full 2):
 PSYoungGen      total 76800K, used 10235K [0x00000000d5580000, 0x00000000dc280000, 0x0000000100000000)
  eden space 66560K, 0% used [0x00000000d5580000,0x00000000d5580000,0x00000000d9680000)
  from space 10240K, 99% used [0x00000000d9680000,0x00000000da07ec60,0x00000000da080000)
  to   space 11776K, 0% used [0x00000000db700000,0x00000000db700000,0x00000000dc280000)
 ParOldGen       total 65536K, used 8935K [0x0000000080000000, 0x0000000084000000, 0x00000000d5580000)
  object space 65536K, 13% used [0x0000000080000000,0x00000000808b9dc8,0x0000000084000000)
 Metaspace       used 34654K, capacity 35146K, committed 35456K, reserved 1079296K
  class space    used 4718K, capacity 4891K, committed 4992K, reserved 1048576K
Event: 9.321 GC heap after
Heap after GC invocations=11 (full 2):
 PSYoungGen      total 76800K, used 0K [0x00000000d5580000, 0x00000000dc280000, 0x0000000100000000)
  eden space 66560K, 0% used [0x00000000d5580000,0x00000000d5580000,0x00000000d9680000)
  from space 10240K, 0% used [0x00000000d9680000,0x00000000d9680000,0x00000000da080000)
  to   space 11776K, 0% used [0x00000000db700000,0x00000000db700000,0x00000000dc280000)
 ParOldGen       total 100352K, used 17163K [0x0000000080000000, 0x0000000086200000, 0x00000000d5580000)
  object space 100352K, 17% used [0x0000000080000000,0x00000000810c2e88,0x0000000086200000)
 Metaspace       used 34654K, capacity 35146K, committed 35456K, reserved 1079296K
  class space    used 4718K, capacity 4891K, committed 4992K, reserved 1048576K
}

