# JRE version: Java(TM) SE Runtime Environment (8.0_60-b27) (build 1.8.0_60-b27)
# Java VM: Java HotSpot(TM) 64-Bit Server VM (25.60-b23 mixed mode windows-amd64 compressed oops)
Heap:
 PSYoungGen      total 94720K, used 51257K [0x00000000d5580000, 0x00000000dd580000, 0x0000000100000000)
  eden space 82944K, 50% used [0x00000000d5580000,0x00000000d7e89198,0x00000000da680000)
  from space 11776K, 78% used [0x00000000da680000,0x00000000daf85600,0x00000000db200000)
  to   space 12288K, 0% used [0x00000000dc980000,0x00000000dc980000,0x00000000dd580000)
 ParOldGen       total 100352K, used 17221K [0x0000000080000000, 0x0000000086200000, 0x00000000d5580000)
  object space 100352K, 17% used [0x0000000080000000,0x00000000810d1668,0x0000000086200000)
 Metaspace       used 43688K, capacity 44788K, committed 44928K, reserved 1087488K
  class space    used 5938K, capacity 6240K, committed 6272K, reserved 1048576K
GC Heap History (10 events):
Event: 7.860 GC heap before
{Heap before GC invocations=9 (full 1):
 PSYoungGen      total 57856K, used 53678K [0x00000000d5580000, 0x00000000da880000, 0x0000000100000000)
  eden space 47616K, 100% used [0x00000000d5580000,0x00000000d8400000,0x00000000d8400000)
  from space 10240K, 59% used [0x00000000d8400000,0x00000000d89eb8e0,0x00000000d8e00000)
  to   space 9728K, 0% used [0x00000000d9f00000,0x00000000d9f00000,0x00000000da880000)
 ParOldGen       total 66048K, used 8568K [0x0000000080000000, 0x0000000084080000, 0x00000000d5580000)
  object space 66048K, 12% used [0x0000000080000000,0x000000008085e200,0x0000000084080000)
 Metaspace       used 32003K, capacity 32560K, committed 33024K, reserved 1077248K
  class space    used 4382K, capacity 4526K, committed 4608K, reserved 1048576K
Event: 7.869 GC heap after
Heap after GC invocations=9 (full 1):
 PSYoungGen      total 74752K, used 8260K [0x00000000d5580000, 0x00000000dac00000, 0x0000000100000000)
  eden space 65024K, 0% used [0x00000000d5580000,0x00000000d5580000,0x00000000d9500000)
  from space 9728K, 84% used [0x00000000d9f00000,0x00000000da711258,0x00000000da880000)
  to   space 10240K, 0% used [0x00000000d9500000,0x00000000d9500000,0x00000000d9f00000)
 ParOldGen       total 66048K, used 8576K [0x0000000080000000, 0x0000000084080000, 0x00000000d5580000)
  object space 66048K, 12% used [0x0000000080000000,0x0000000080860200,0x0000000084080000)
 Metaspace       used 32003K, capacity 32560K, committed 33024K, reserved 1077248K
  class space    used 4382K, capacity 4526K, committed 4608K, reserved 1048576K
}
Event: 8.223 GC heap before
{Heap before GC invocations=10 (full 1):
 PSYoungGen      total 74752K, used 44851K [0x00000000d5580000, 0x00000000dac00000, 0x0000000100000000)
  eden space 65024K, 56% used [0x00000000d5580000,0x00000000d793bda0,0x00000000d9500000)
  from space 9728K, 84% used [0x00000000d9f00000,0x00000000da711258,0x00000000da880000)
  to   space 10240K, 0% used [0x00000000d9500000,0x00000000d9500000,0x00000000d9f00000)
 ParOldGen       total 66048K, used 8576K [0x0000000080000000, 0x0000000084080000, 0x00000000d5580000)
  object space 66048K, 12% used [0x0000000080000000,0x0000000080860200,0x0000000084080000)
 Metaspace       used 34674K, capacity 35242K, committed 35496K, reserved 1079296K
  class space    used 4717K, capacity 4859K, committed 4864K, reserved 1048576K
Event: 8.232 GC heap after
Heap after GC invocations=10 (full 1):
 PSYoungGen      total 75264K, used 10213K [0x00000000d5580000, 0x00000000dbf00000, 0x0000000100000000)
  eden space 65024K, 0% used [0x00000000d5580000,0x00000000d5580000,0x00000000d9500000)
  from space 10240K, 99% used [0x00000000d9500000,0x00000000d9ef96b0,0x00000000d9f00000)
  to   space 11776K, 0% used [0x00000000db380000,0x00000000db380000,0x00000000dbf00000)
 ParOldGen       total 66048K, used 8952K [0x0000000080000000, 0x0000000084080000, 0x00000000d5580000)
  object space 66048K, 13% used [0x0000000080000000,0x00000000808be088,0x0000000084080000)
 Metaspace       used 34674K, capacity 35242K, committed 35496K, reserved 1079296K
  class space    used 4717K, capacity 4859K, committed 4864K, reserved 1048576K
}
Event: 8.232 GC heap before
{Heap before GC invocations=11 (full 2):
 PSYoungGen      total 75264K, used 10213K [0x00000000d5580000, 0x00000000dbf00000, 0x0000000100000000)
  eden space 65024K, 0% used [0x00000000d5580000,0x00000000d5580000,0x00000000d9500000)
  from space 10240K, 99% used [0x00000000d9500000,0x00000000d9ef96b0,0x00000000d9f00000)
  to   space 11776K, 0% used [0x00000000db380000,0x00000000db380000,0x00000000dbf00000)
 ParOldGen       total 66048K, used 8952K [0x0000000080000000, 0x0000000084080000, 0x00000000d5580000)
  object space 66048K, 13% used [0x0000000080000000,0x00000000808be088,0x0000000084080000)
 Metaspace       used 34674K, capacity 35242K, committed 35496K, reserved 1079296K
  class space    used 4717K, capacity 4859K, committed 4864K, reserved 1048576K
Event: 8.310 GC heap after
Heap after GC invocations=11 (full 2):
 PSYoungGen      total 75264K, used 0K [0x00000000d5580000, 0x00000000dbf00000, 0x0000000100000000)
  eden space 65024K, 0% used [0x00000000d5580000,0x00000000d5580000,0x00000000d9500000)
  from space 10240K, 0% used [0x00000000d9500000,0x00000000d9500000,0x00000000d9f00000)
  to   space 11776K, 0% used [0x00000000db380000,0x00000000db380000,0x00000000dbf00000)
 ParOldGen       total 100352K, used 17205K [0x0000000080000000, 0x0000000086200000, 0x00000000d5580000)
  object space 100352K, 17% used [0x0000000080000000,0x00000000810cd668,0x0000000086200000)
 Metaspace       used 34674K, capacity 35242K, committed 35496K, reserved 1079296K
  class space    used 4717K, capacity 4859K, committed 4864K, reserved 1048576K
}
Event: 10.235 GC heap before
{Heap before GC invocations=12 (full 2):
 PSYoungGen      total 75264K, used 65024K [0x00000000d5580000, 0x00000000dbf00000, 0x0000000100000000)
  eden space 65024K, 100% used [0x00000000d5580000,0x00000000d9500000,0x00000000d9500000)
  from space 10240K, 0% used [0x00000000d9500000,0x00000000d9500000,0x00000000d9f00000)
  to   space 11776K, 0% used [0x00000000db380000,0x00000000db380000,0x00000000dbf00000)
 ParOldGen       total 100352K, used 17205K [0x0000000080000000, 0x0000000086200000, 0x00000000d5580000)
  object space 100352K, 17% used [0x0000000080000000,0x00000000810cd668,0x0000000086200000)
 Metaspace       used 41191K, capacity 42008K, committed 42240K, reserved 1085440K
  class space    used 5653K, capacity 5883K, committed 5888K, reserved 1048576K
Event: 10.243 GC heap after
Heap after GC invocations=12 (full 2):
 PSYoungGen      total 93184K, used 8014K [0x00000000d5580000, 0x00000000dbd80000, 0x0000000100000000)
  eden space 82944K, 0% used [0x00000000d5580000,0x00000000d5580000,0x00000000da680000)
  from space 10240K, 78% used [0x00000000db380000,0x00000000dbb53810,0x00000000dbd80000)
  to   space 11776K, 0% used [0x00000000da680000,0x00000000da680000,0x00000000db200000)
 ParOldGen       total 100352K, used 17213K [0x0000000080000000, 0x0000000086200000, 0x00000000d5580000)
  object space 100352K, 17% used [0x0000000080000000,0x00000000810cf668,0x0000000086200000)
 Metaspace       used 41191K, capacity 42008K, committed 42240K, reserved 1085440K
  class space    used 5653K, capacity 5883K, committed 5888K, reserved 1048576K
}
Event: 10.731 GC heap before
{Heap before GC invocations=13 (full 2):
 PSYoungGen      total 93184K, used 90958K [0x00000000d5580000, 0x00000000dbd80000, 0x0000000100000000)
  eden space 82944K, 100% used [0x00000000d5580000,0x00000000da680000,0x00000000da680000)
  from space 10240K, 78% used [0x00000000db380000,0x00000000dbb53810,0x00000000dbd80000)
  to   space 11776K, 0% used [0x00000000da680000,0x00000000da680000,0x00000000db200000)
 ParOldGen       total 100352K, used 17213K [0x0000000080000000, 0x0000000086200000, 0x00000000d5580000)
  object space 100352K, 17% used [0x0000000080000000,0x00000000810cf668,0x0000000086200000)
 Metaspace       used 41617K, capacity 42440K, committed 42880K, reserved 1085440K
  class space    used 5666K, capacity 5891K, committed 6016K, reserved 1048576K
Event: 10.739 GC heap after
Heap after GC invocations=13 (full 2):
 PSYoungGen      total 94720K, used 9237K [0x00000000d5580000, 0x00000000dd580000, 0x0000000100000000)
  eden space 82944K, 0% used [0x00000000d5580000,0x00000000d5580000,0x00000000da680000)
  from space 11776K, 78% used [0x00000000da680000,0x00000000daf85600,0x00000000db200000)
  to   space 12288K, 0% used [0x00000000dc980000,0x00000000dc980000,0x00000000dd580000)
 ParOldGen       total 100352K, used 17221K [0x0000000080000000, 0x0000000086200000, 0x00000000d5580000)
  object space 100352K, 17% used [0x0000000080000000,0x00000000810d1668,0x0000000086200000)
 Metaspace       used 41617K, capacity 42440K, committed 42880K, reserved 1085440K
  class space    used 5666K, capacity 5891K, committed 6016K, reserved 1048576K
}

