# JRE version: Java(TM) SE Runtime Environment (8.0_60-b27) (build 1.8.0_60-b27)
# Java VM: Java HotSpot(TM) 64-Bit Server VM (25.60-b23 mixed mode windows-amd64 compressed oops)
Heap:
 PSYoungGen      total 104448K, used 37820K [0x00000000d5580000, 0x00000000def00000, 0x0000000100000000)
  eden space 93696K, 40% used [0x00000000d5580000,0x00000000d7a6f050,0x00000000db100000)
  from space 10752K, 0% used [0x00000000db100000,0x00000000db100000,0x00000000dbb80000)
  to   space 12288K, 0% used [0x00000000de300000,0x00000000de300000,0x00000000def00000)
 ParOldGen       total 64512K, used 17725K [0x0000000080000000, 0x0000000083f00000, 0x00000000d5580000)
  object space 64512K, 27% used [0x0000000080000000,0x000000008114f528,0x0000000083f00000)
 Metaspace       used 35773K, capacity 36578K, committed 36992K, reserved 1081344K
  class space    used 4917K, capacity 5146K, committed 5248K, reserved 1048576K
GC Heap History (10 events):
Event: 2.815 GC heap before
{Heap before GC invocations=5 (full 1):
 PSYoungGen      total 71680K, used 5097K [0x00000000d5580000, 0x00000000da080000, 0x0000000100000000)
  eden space 66560K, 0% used [0x00000000d5580000,0x00000000d5580000,0x00000000d9680000)
  from space 5120K, 99% used [0x00000000d9b80000,0x00000000da07a610,0x00000000da080000)
  to   space 5120K, 0% used [0x00000000d9680000,0x00000000d9680000,0x00000000d9b80000)
 ParOldGen       total 87552K, used 8134K [0x0000000080000000, 0x0000000085580000, 0x00000000d5580000)
  object space 87552K, 9% used [0x0000000080000000,0x00000000807f1b00,0x0000000085580000)
 Metaspace       used 20860K, capacity 21184K, committed 21296K, reserved 1067008K
  class space    used 2810K, capacity 2929K, committed 2944K, reserved 1048576K
Event: 2.866 GC heap after
Heap after GC invocations=5 (full 1):
 PSYoungGen      total 71680K, used 0K [0x00000000d5580000, 0x00000000da080000, 0x0000000100000000)
  eden space 66560K, 0% used [0x00000000d5580000,0x00000000d5580000,0x00000000d9680000)
  from space 5120K, 0% used [0x00000000d9b80000,0x00000000d9b80000,0x00000000da080000)
  to   space 5120K, 0% used [0x00000000d9680000,0x00000000d9680000,0x00000000d9b80000)
 ParOldGen       total 64512K, used 8487K [0x0000000080000000, 0x0000000083f00000, 0x00000000d5580000)
  object space 64512K, 13% used [0x0000000080000000,0x0000000080849e78,0x0000000083f00000)
 Metaspace       used 20860K, capacity 21184K, committed 21296K, reserved 1067008K
  class space    used 2810K, capacity 2929K, committed 2944K, reserved 1048576K
}
Event: 3.958 GC heap before
{Heap before GC invocations=6 (full 1):
 PSYoungGen      total 71680K, used 66560K [0x00000000d5580000, 0x00000000da080000, 0x0000000100000000)
  eden space 66560K, 100% used [0x00000000d5580000,0x00000000d9680000,0x00000000d9680000)
  from space 5120K, 0% used [0x00000000d9b80000,0x00000000d9b80000,0x00000000da080000)
  to   space 5120K, 0% used [0x00000000d9680000,0x00000000d9680000,0x00000000d9b80000)
 ParOldGen       total 64512K, used 8487K [0x0000000080000000, 0x0000000083f00000, 0x00000000d5580000)
  object space 64512K, 13% used [0x0000000080000000,0x0000000080849e78,0x0000000083f00000)
 Metaspace       used 26184K, capacity 26598K, committed 26880K, reserved 1073152K
  class space    used 3681K, capacity 3815K, committed 3840K, reserved 1048576K
Event: 3.966 GC heap after
Heap after GC invocations=6 (full 1):
 PSYoungGen      total 71680K, used 5113K [0x00000000d5580000, 0x00000000dc780000, 0x0000000100000000)
  eden space 66560K, 0% used [0x00000000d5580000,0x00000000d5580000,0x00000000d9680000)
  from space 5120K, 99% used [0x00000000d9680000,0x00000000d9b7e770,0x00000000d9b80000)
  to   space 10240K, 0% used [0x00000000dbd80000,0x00000000dbd80000,0x00000000dc780000)
 ParOldGen       total 64512K, used 10549K [0x0000000080000000, 0x0000000083f00000, 0x00000000d5580000)
  object space 64512K, 16% used [0x0000000080000000,0x0000000080a4d540,0x0000000083f00000)
 Metaspace       used 26184K, capacity 26598K, committed 26880K, reserved 1073152K
  class space    used 3681K, capacity 3815K, committed 3840K, reserved 1048576K
}
Event: 7.175 GC heap before
{Heap before GC invocations=7 (full 1):
 PSYoungGen      total 71680K, used 71673K [0x00000000d5580000, 0x00000000dc780000, 0x0000000100000000)
  eden space 66560K, 100% used [0x00000000d5580000,0x00000000d9680000,0x00000000d9680000)
  from space 5120K, 99% used [0x00000000d9680000,0x00000000d9b7e770,0x00000000d9b80000)
  to   space 10240K, 0% used [0x00000000dbd80000,0x00000000dbd80000,0x00000000dc780000)
 ParOldGen       total 64512K, used 10549K [0x0000000080000000, 0x0000000083f00000, 0x00000000d5580000)
  object space 64512K, 16% used [0x0000000080000000,0x0000000080a4d540,0x0000000083f00000)
 Metaspace       used 31060K, capacity 31664K, committed 31872K, reserved 1077248K
  class space    used 4264K, capacity 4462K, committed 4480K, reserved 1048576K
Event: 7.184 GC heap after
Heap after GC invocations=7 (full 1):
 PSYoungGen      total 101376K, used 8438K [0x00000000d5580000, 0x00000000dc600000, 0x0000000100000000)
  eden space 92672K, 0% used [0x00000000d5580000,0x00000000d5580000,0x00000000db000000)
  from space 8704K, 96% used [0x00000000dbd80000,0x00000000dc5bd900,0x00000000dc600000)
  to   space 10752K, 0% used [0x00000000db100000,0x00000000db100000,0x00000000dbb80000)
 ParOldGen       total 64512K, used 10557K [0x0000000080000000, 0x0000000083f00000, 0x00000000d5580000)
  object space 64512K, 16% used [0x0000000080000000,0x0000000080a4f540,0x0000000083f00000)
 Metaspace       used 31060K, capacity 31664K, committed 31872K, reserved 1077248K
  class space    used 4264K, capacity 4462K, committed 4480K, reserved 1048576K
}
Event: 7.773 GC heap before
{Heap before GC invocations=8 (full 1):
 PSYoungGen      total 101376K, used 75310K [0x00000000d5580000, 0x00000000dc600000, 0x0000000100000000)
  eden space 92672K, 72% used [0x00000000d5580000,0x00000000d96cdfa0,0x00000000db000000)
  from space 8704K, 96% used [0x00000000dbd80000,0x00000000dc5bd900,0x00000000dc600000)
  to   space 10752K, 0% used [0x00000000db100000,0x00000000db100000,0x00000000dbb80000)
 ParOldGen       total 64512K, used 10557K [0x0000000080000000, 0x0000000083f00000, 0x00000000d5580000)
  object space 64512K, 16% used [0x0000000080000000,0x0000000080a4f540,0x0000000083f00000)
 Metaspace       used 34704K, capacity 35242K, committed 35496K, reserved 1079296K
  class space    used 4724K, capacity 4859K, committed 4864K, reserved 1048576K
Event: 7.785 GC heap after
Heap after GC invocations=8 (full 1):
 PSYoungGen      total 104448K, used 10730K [0x00000000d5580000, 0x00000000def00000, 0x0000000100000000)
  eden space 93696K, 0% used [0x00000000d5580000,0x00000000d5580000,0x00000000db100000)
  from space 10752K, 99% used [0x00000000db100000,0x00000000dbb7aa30,0x00000000dbb80000)
  to   space 12288K, 0% used [0x00000000de300000,0x00000000de300000,0x00000000def00000)
 ParOldGen       total 64512K, used 11029K [0x0000000080000000, 0x0000000083f00000, 0x00000000d5580000)
  object space 64512K, 17% used [0x0000000080000000,0x0000000080ac5408,0x0000000083f00000)
 Metaspace       used 34704K, capacity 35242K, committed 35496K, reserved 1079296K
  class space    used 4724K, capacity 4859K, committed 4864K, reserved 1048576K
}
Event: 7.785 GC heap before
{Heap before GC invocations=9 (full 2):
 PSYoungGen      total 104448K, used 10730K [0x00000000d5580000, 0x00000000def00000, 0x0000000100000000)
  eden space 93696K, 0% used [0x00000000d5580000,0x00000000d5580000,0x00000000db100000)
  from space 10752K, 99% used [0x00000000db100000,0x00000000dbb7aa30,0x00000000dbb80000)
  to   space 12288K, 0% used [0x00000000de300000,0x00000000de300000,0x00000000def00000)
 ParOldGen       total 64512K, used 11029K [0x0000000080000000, 0x0000000083f00000, 0x00000000d5580000)
  object space 64512K, 17% used [0x0000000080000000,0x0000000080ac5408,0x0000000083f00000)
 Metaspace       used 34704K, capacity 35242K, committed 35496K, reserved 1079296K
  class space    used 4724K, capacity 4859K, committed 4864K, reserved 1048576K
Event: 7.869 GC heap after
Heap after GC invocations=9 (full 2):
 PSYoungGen      total 104448K, used 0K [0x00000000d5580000, 0x00000000def00000, 0x0000000100000000)
  eden space 93696K, 0% used [0x00000000d5580000,0x00000000d5580000,0x00000000db100000)
  from space 10752K, 0% used [0x00000000db100000,0x00000000db100000,0x00000000dbb80000)
  to   space 12288K, 0% used [0x00000000de300000,0x00000000de300000,0x00000000def00000)
 ParOldGen       total 64512K, used 17725K [0x0000000080000000, 0x0000000083f00000, 0x00000000d5580000)
  object space 64512K, 27% used [0x0000000080000000,0x000000008114f528,0x0000000083f00000)
 Metaspace       used 34704K, capacity 35242K, committed 35496K, reserved 1079296K
  class space    used 4724K, capacity 4859K, committed 4864K, reserved 1048576K
}

